2022-04-03 16:04:15  WM_QUERYENDSESSION =====================================
2022-04-03 16:04:15  C:\Users\Deepak\AppData\Roaming\Notepad++\config.xml is opened.
2022-04-03 16:04:15  C:\Users\Deepak\AppData\Roaming\Notepad++\config.xml  7175/7175 bytes are written.
2022-04-03 16:04:15  C:\Users\Deepak\AppData\Roaming\Notepad++\config.xml is closed.
2022-04-03 16:04:15  C:\Users\Deepak\AppData\Roaming\Notepad++\session.xml is opened.
2022-04-03 16:04:15  C:\Users\Deepak\AppData\Roaming\Notepad++\session.xml  4860/4860 bytes are written.
2022-04-03 16:04:15  C:\Users\Deepak\AppData\Roaming\Notepad++\session.xml is closed.
2022-04-03 16:04:15  WM_ENDSESSION
2022-04-03 16:04:15  WM_DESTROY
2022-04-03 16:47:43  WM_QUERYENDSESSION =====================================
2022-04-03 16:47:43  C:\Users\Deepak\AppData\Roaming\Notepad++\config.xml is opened.
2022-04-03 16:47:43  C:\Users\Deepak\AppData\Roaming\Notepad++\config.xml  7175/7175 bytes are written.
2022-04-03 16:47:43  C:\Users\Deepak\AppData\Roaming\Notepad++\config.xml is closed.
2022-04-03 16:47:43  C:\Users\Deepak\AppData\Roaming\Notepad++\session.xml is opened.
2022-04-03 16:47:43  C:\Users\Deepak\AppData\Roaming\Notepad++\session.xml  4862/4862 bytes are written.
2022-04-03 16:47:43  C:\Users\Deepak\AppData\Roaming\Notepad++\session.xml is closed.
2022-04-03 16:47:43  WM_ENDSESSION
2022-04-03 16:47:43  WM_DESTROY
2022-04-03 20:37:10  WM_QUERYENDSESSION =====================================
2022-04-03 20:37:10  C:\Users\Deepak\AppData\Roaming\Notepad++\config.xml is opened.
2022-04-03 20:37:10  C:\Users\Deepak\AppData\Roaming\Notepad++\config.xml  7175/7175 bytes are written.
2022-04-03 20:37:10  C:\Users\Deepak\AppData\Roaming\Notepad++\config.xml is closed.
2022-04-03 20:37:10  C:\Users\Deepak\AppData\Roaming\Notepad++\session.xml is opened.
2022-04-03 20:37:10  C:\Users\Deepak\AppData\Roaming\Notepad++\session.xml  4863/4863 bytes are written.
2022-04-03 20:37:10  C:\Users\Deepak\AppData\Roaming\Notepad++\session.xml is closed.
2022-04-03 20:37:10  WM_ENDSESSION
2022-04-03 20:37:10  WM_DESTROY
2022-05-07 21:35:45  WM_QUERYENDSESSION =====================================
2022-05-07 21:35:45  C:\Users\Deepak\AppData\Roaming\Notepad++\config.xml is opened.
2022-05-07 21:35:45  C:\Users\Deepak\AppData\Roaming\Notepad++\config.xml  7234/7234 bytes are written.
2022-05-07 21:35:45  C:\Users\Deepak\AppData\Roaming\Notepad++\config.xml is closed.
2022-05-07 21:35:45  C:\Users\Deepak\AppData\Roaming\Notepad++\session.xml is opened.
2022-05-07 21:35:45  C:\Users\Deepak\AppData\Roaming\Notepad++\session.xml  5446/5446 bytes are written.
2022-05-07 21:35:45  C:\Users\Deepak\AppData\Roaming\Notepad++\session.xml is closed.
2022-05-07 21:35:45  WM_ENDSESSION
2022-05-07 21:35:45  WM_DESTROY
2022-05-29 19:09:24  WM_QUERYENDSESSION =====================================
2022-05-29 19:09:24  C:\Users\Deepak\AppData\Roaming\Notepad++\config.xml is opened.
2022-05-29 19:09:24  C:\Users\Deepak\AppData\Roaming\Notepad++\config.xml  7234/7234 bytes are written.
2022-05-29 19:09:24  C:\Users\Deepak\AppData\Roaming\Notepad++\config.xml is closed.
2022-05-29 19:09:24  C:\Users\Deepak\AppData\Roaming\Notepad++\session.xml is opened.
2022-05-29 19:09:24  C:\Users\Deepak\AppData\Roaming\Notepad++\session.xml  6031/6031 bytes are written.
2022-05-29 19:09:24  C:\Users\Deepak\AppData\Roaming\Notepad++\session.xml is closed.
2022-05-29 19:09:24  WM_ENDSESSION
2022-05-29 19:09:24  WM_DESTROY
2022-06-12 15:37:47  WM_QUERYENDSESSION =====================================
2022-06-12 15:37:47  C:\Users\Deepak\AppData\Roaming\Notepad++\config.xml is opened.
2022-06-12 15:37:47  C:\Users\Deepak\AppData\Roaming\Notepad++\config.xml  7419/7419 bytes are written.
2022-06-12 15:37:47  C:\Users\Deepak\AppData\Roaming\Notepad++\config.xml is closed.
2022-06-12 15:37:47  C:\Users\Deepak\AppData\Roaming\Notepad++\session.xml is opened.
2022-06-12 15:37:47  C:\Users\Deepak\AppData\Roaming\Notepad++\session.xml  10709/10709 bytes are written.
2022-06-12 15:37:47  C:\Users\Deepak\AppData\Roaming\Notepad++\session.xml is closed.
2022-06-12 15:37:47  WM_ENDSESSION
2022-06-12 15:37:47  WM_DESTROY
2022-08-23 01:27:58  WM_QUERYENDSESSION =====================================
2022-08-23 01:27:58  C:\Users\Deepak\AppData\Roaming\Notepad++\config.xml is opened.
2022-08-23 01:27:58  C:\Users\Deepak\AppData\Roaming\Notepad++\config.xml  7418/7418 bytes are written.
2022-08-23 01:27:58  C:\Users\Deepak\AppData\Roaming\Notepad++\config.xml is closed.
2022-08-23 01:27:58  C:\Users\Deepak\AppData\Roaming\Notepad++\session.xml is opened.
2022-08-23 01:27:58  C:\Users\Deepak\AppData\Roaming\Notepad++\session.xml  16135/16135 bytes are written.
2022-08-23 01:27:58  C:\Users\Deepak\AppData\Roaming\Notepad++\session.xml is closed.
2022-08-23 01:27:58  WM_ENDSESSION
2022-08-23 01:27:58  WM_DESTROY
2022-09-01 10:52:56  WM_QUERYENDSESSION =====================================
2022-09-01 10:52:56  C:\Users\Deepak\AppData\Roaming\Notepad++\config.xml is opened.
2022-09-01 10:52:56  C:\Users\Deepak\AppData\Roaming\Notepad++\config.xml  7616/7616 bytes are written.
2022-09-01 10:52:56  C:\Users\Deepak\AppData\Roaming\Notepad++\config.xml is closed.
2022-09-01 10:52:56  C:\Users\Deepak\AppData\Roaming\Notepad++\session.xml is opened.
2022-09-01 10:52:56  C:\Users\Deepak\AppData\Roaming\Notepad++\session.xml  16724/16724 bytes are written.
2022-09-01 10:52:56  C:\Users\Deepak\AppData\Roaming\Notepad++\session.xml is closed.
2022-09-01 10:52:56  WM_ENDSESSION
2022-09-01 10:52:56  WM_DESTROY
2022-09-14 18:16:41  WM_QUERYENDSESSION =====================================
2022-09-14 18:16:41  C:\Users\Deepak\AppData\Roaming\Notepad++\config.xml is opened.
2022-09-14 18:16:41  C:\Users\Deepak\AppData\Roaming\Notepad++\config.xml  7616/7616 bytes are written.
2022-09-14 18:16:41  C:\Users\Deepak\AppData\Roaming\Notepad++\config.xml is closed.
2022-09-14 18:16:41  C:\Users\Deepak\AppData\Roaming\Notepad++\session.xml is opened.
2022-09-14 18:16:41  C:\Users\Deepak\AppData\Roaming\Notepad++\session.xml  17309/17309 bytes are written.
2022-09-14 18:16:41  C:\Users\Deepak\AppData\Roaming\Notepad++\session.xml is closed.
2022-09-14 18:16:41  WM_ENDSESSION
2022-09-14 18:16:41  WM_DESTROY
2022-09-23 05:27:12  WM_QUERYENDSESSION =====================================
2022-09-23 05:27:12  C:\Users\Deepak\AppData\Roaming\Notepad++\config.xml is opened.
2022-09-23 05:27:12  C:\Users\Deepak\AppData\Roaming\Notepad++\config.xml  7616/7616 bytes are written.
2022-09-23 05:27:12  C:\Users\Deepak\AppData\Roaming\Notepad++\config.xml is closed.
2022-09-23 05:27:12  C:\Users\Deepak\AppData\Roaming\Notepad++\session.xml is opened.
2022-09-23 05:27:12  C:\Users\Deepak\AppData\Roaming\Notepad++\session.xml  17308/17308 bytes are written.
2022-09-23 05:27:12  C:\Users\Deepak\AppData\Roaming\Notepad++\session.xml is closed.
2022-09-23 05:27:12  WM_ENDSESSION
2022-09-23 05:27:12  WM_DESTROY
2022-10-01 07:41:01  WM_QUERYENDSESSION =====================================
2022-10-01 07:41:02  C:\Users\Deepak\AppData\Roaming\Notepad++\config.xml is opened.
2022-10-01 07:41:02  C:\Users\Deepak\AppData\Roaming\Notepad++\config.xml  7616/7616 bytes are written.
2022-10-01 07:41:02  C:\Users\Deepak\AppData\Roaming\Notepad++\config.xml is closed.
2022-10-01 07:41:02  C:\Users\Deepak\AppData\Roaming\Notepad++\session.xml is opened.
2022-10-01 07:41:02  C:\Users\Deepak\AppData\Roaming\Notepad++\session.xml  17309/17309 bytes are written.
2022-10-01 07:41:02  C:\Users\Deepak\AppData\Roaming\Notepad++\session.xml is closed.
2022-10-01 07:41:02  WM_ENDSESSION
2022-10-01 07:41:02  WM_DESTROY
2022-10-02 21:55:51  WM_QUERYENDSESSION =====================================
2022-10-02 21:55:51  C:\Users\Deepak\AppData\Roaming\Notepad++\config.xml is opened.
2022-10-02 21:55:51  C:\Users\Deepak\AppData\Roaming\Notepad++\config.xml  7616/7616 bytes are written.
2022-10-02 21:55:51  C:\Users\Deepak\AppData\Roaming\Notepad++\config.xml is closed.
2022-10-02 21:55:51  C:\Users\Deepak\AppData\Roaming\Notepad++\session.xml is opened.
2022-10-02 21:55:51  C:\Users\Deepak\AppData\Roaming\Notepad++\session.xml  17892/17892 bytes are written.
2022-10-02 21:55:51  C:\Users\Deepak\AppData\Roaming\Notepad++\session.xml is closed.
2022-10-02 21:55:51  WM_ENDSESSION
2022-10-02 21:55:51  WM_DESTROY
2022-10-26 06:47:55  WM_QUERYENDSESSION =====================================
2022-10-26 06:47:55  C:\Users\Deepak\AppData\Roaming\Notepad++\config.xml is opened.
2022-10-26 06:47:55  C:\Users\Deepak\AppData\Roaming\Notepad++\config.xml  7616/7616 bytes are written.
2022-10-26 06:47:55  C:\Users\Deepak\AppData\Roaming\Notepad++\config.xml is closed.
2022-10-26 06:47:55  C:\Users\Deepak\AppData\Roaming\Notepad++\session.xml is opened.
2022-10-26 06:47:55  C:\Users\Deepak\AppData\Roaming\Notepad++\session.xml  17896/17896 bytes are written.
2022-10-26 06:47:55  C:\Users\Deepak\AppData\Roaming\Notepad++\session.xml is closed.
2022-10-26 06:47:55  WM_ENDSESSION
2022-10-26 06:47:55  WM_DESTROY
2022-10-28 00:30:43  WM_QUERYENDSESSION =====================================
2022-10-28 00:30:43  C:\Users\Deepak\AppData\Roaming\Notepad++\config.xml is opened.
2022-10-28 00:30:43  C:\Users\Deepak\AppData\Roaming\Notepad++\config.xml  7817/7817 bytes are written.
2022-10-28 00:30:43  C:\Users\Deepak\AppData\Roaming\Notepad++\config.xml is closed.
2022-10-28 00:30:43  C:\Users\Deepak\AppData\Roaming\Notepad++\session.xml is opened.
2022-10-28 00:30:43  C:\Users\Deepak\AppData\Roaming\Notepad++\session.xml  19620/19620 bytes are written.
2022-10-28 00:30:43  C:\Users\Deepak\AppData\Roaming\Notepad++\session.xml is closed.
2022-10-28 00:30:43  WM_ENDSESSION
2022-10-28 00:30:43  WM_DESTROY
2022-10-30 19:04:25  WM_QUERYENDSESSION =====================================
2022-10-30 19:04:26  C:\Users\Deepak\AppData\Roaming\Notepad++\config.xml is opened.
2022-10-30 19:04:26  C:\Users\Deepak\AppData\Roaming\Notepad++\config.xml  7728/7728 bytes are written.
2022-10-30 19:04:26  C:\Users\Deepak\AppData\Roaming\Notepad++\config.xml is closed.
2022-10-30 19:04:26  C:\Users\Deepak\AppData\Roaming\Notepad++\session.xml is opened.
2022-10-30 19:04:26  C:\Users\Deepak\AppData\Roaming\Notepad++\session.xml  20221/20221 bytes are written.
2022-10-30 19:04:26  C:\Users\Deepak\AppData\Roaming\Notepad++\session.xml is closed.
2022-10-30 19:04:26  WM_ENDSESSION
2022-10-30 19:04:26  WM_DESTROY
2022-11-05 18:17:57  WM_QUERYENDSESSION =====================================
2022-11-26 07:50:58  WM_QUERYENDSESSION =====================================
2022-11-26 07:50:58  C:\Users\Deepak\AppData\Roaming\Notepad++\config.xml is opened.
2022-11-26 07:50:58  C:\Users\Deepak\AppData\Roaming\Notepad++\config.xml  7728/7728 bytes are written.
2022-11-26 07:50:58  C:\Users\Deepak\AppData\Roaming\Notepad++\config.xml is closed.
2022-11-26 07:50:58  C:\Users\Deepak\AppData\Roaming\Notepad++\session.xml is opened.
2022-11-26 07:50:58  C:\Users\Deepak\AppData\Roaming\Notepad++\session.xml  22028/22028 bytes are written.
2022-11-26 07:50:58  C:\Users\Deepak\AppData\Roaming\Notepad++\session.xml is closed.
2022-11-26 07:50:58  WM_ENDSESSION
2022-11-26 07:50:58  WM_DESTROY
2022-12-02 23:43:00  WM_QUERYENDSESSION =====================================
2022-12-02 23:43:00  C:\Users\Deepak\AppData\Roaming\Notepad++\config.xml is opened.
2022-12-02 23:43:00  C:\Users\Deepak\AppData\Roaming\Notepad++\config.xml  7728/7728 bytes are written.
2022-12-02 23:43:00  C:\Users\Deepak\AppData\Roaming\Notepad++\config.xml is closed.
2022-12-02 23:43:00  C:\Users\Deepak\AppData\Roaming\Notepad++\session.xml is opened.
2022-12-02 23:43:00  C:\Users\Deepak\AppData\Roaming\Notepad++\session.xml  22030/22030 bytes are written.
2022-12-02 23:43:00  C:\Users\Deepak\AppData\Roaming\Notepad++\session.xml is closed.
2022-12-02 23:43:00  WM_ENDSESSION
2022-12-02 23:43:00  WM_DESTROY
2022-12-17 04:12:31  WM_QUERYENDSESSION =====================================
2022-12-17 04:12:31  C:\Users\Deepak\AppData\Roaming\Notepad++\config.xml is opened.
2022-12-17 04:12:31  C:\Users\Deepak\AppData\Roaming\Notepad++\config.xml  7729/7729 bytes are written.
2022-12-17 04:12:31  C:\Users\Deepak\AppData\Roaming\Notepad++\config.xml is closed.
2022-12-17 04:12:31  C:\Users\Deepak\AppData\Roaming\Notepad++\session.xml is opened.
2022-12-17 04:12:31  C:\Users\Deepak\AppData\Roaming\Notepad++\session.xml  22631/22631 bytes are written.
2022-12-17 04:12:31  C:\Users\Deepak\AppData\Roaming\Notepad++\session.xml is closed.
2022-12-17 04:12:31  WM_ENDSESSION
2022-12-17 04:12:31  WM_DESTROY
2022-12-17 17:13:51  WM_QUERYENDSESSION =====================================
2022-12-17 17:13:51  C:\Users\Deepak\AppData\Roaming\Notepad++\config.xml is opened.
2022-12-17 17:13:51  C:\Users\Deepak\AppData\Roaming\Notepad++\config.xml  7729/7729 bytes are written.
2022-12-17 17:13:51  C:\Users\Deepak\AppData\Roaming\Notepad++\config.xml is closed.
2022-12-17 17:13:51  C:\Users\Deepak\AppData\Roaming\Notepad++\session.xml is opened.
2022-12-17 17:13:51  C:\Users\Deepak\AppData\Roaming\Notepad++\session.xml  22686/22686 bytes are written.
2022-12-17 17:13:51  C:\Users\Deepak\AppData\Roaming\Notepad++\session.xml is closed.
2022-12-17 17:13:51  WM_ENDSESSION
2022-12-17 17:13:51  WM_DESTROY
2022-12-20 06:08:28  WM_QUERYENDSESSION =====================================
2022-12-20 06:08:28  C:\Users\Deepak\AppData\Roaming\Notepad++\config.xml is opened.
2022-12-20 06:08:28  C:\Users\Deepak\AppData\Roaming\Notepad++\config.xml  7729/7729 bytes are written.
2022-12-20 06:08:28  C:\Users\Deepak\AppData\Roaming\Notepad++\config.xml is closed.
2022-12-20 06:08:28  C:\Users\Deepak\AppData\Roaming\Notepad++\session.xml is opened.
2022-12-20 06:08:28  C:\Users\Deepak\AppData\Roaming\Notepad++\session.xml  23295/23295 bytes are written.
2022-12-20 06:08:28  C:\Users\Deepak\AppData\Roaming\Notepad++\session.xml is closed.
2022-12-20 06:08:28  WM_ENDSESSION
2022-12-20 06:08:28  WM_DESTROY
2022-12-25 16:33:04  WM_QUERYENDSESSION =====================================
2022-12-25 16:33:04  C:\Users\Deepak\AppData\Roaming\Notepad++\config.xml is opened.
2022-12-25 16:33:04  C:\Users\Deepak\AppData\Roaming\Notepad++\config.xml  7728/7728 bytes are written.
2022-12-25 16:33:04  C:\Users\Deepak\AppData\Roaming\Notepad++\config.xml is closed.
2022-12-25 16:33:04  C:\Users\Deepak\AppData\Roaming\Notepad++\session.xml is opened.
2022-12-25 16:33:04  C:\Users\Deepak\AppData\Roaming\Notepad++\session.xml  23294/23294 bytes are written.
2022-12-25 16:33:04  C:\Users\Deepak\AppData\Roaming\Notepad++\session.xml is closed.
2022-12-25 16:33:04  WM_ENDSESSION
2022-12-25 16:33:04  WM_DESTROY
2023-01-22 03:09:43  WM_QUERYENDSESSION (lParam: 0 - ordinary system shutdown/restart) =====================================
2023-01-22 03:09:43  WM_ENDSESSION (wParam: TRUE, lParam: 0 - ordinary system shutdown/restart)
2023-01-22 03:09:43  C:\Users\Deepak\AppData\Roaming\Notepad++\config.xml is opened.
2023-01-22 03:09:43  C:\Users\Deepak\AppData\Roaming\Notepad++\config.xml  8318/8318 bytes are written.
2023-01-22 03:09:43  C:\Users\Deepak\AppData\Roaming\Notepad++\config.xml is closed.
2023-01-22 03:09:43  C:\Users\Deepak\AppData\Roaming\Notepad++\session.xml is opened.
2023-01-22 03:09:43  C:\Users\Deepak\AppData\Roaming\Notepad++\session.xml  23907/23907 bytes are written.
2023-01-22 03:09:43  C:\Users\Deepak\AppData\Roaming\Notepad++\session.xml is closed.
2023-01-22 03:09:43  WM_DESTROY (isEndSessionStarted == true)
2023-01-26 17:37:00  WM_QUERYENDSESSION (lParam: 0 - ordinary system shutdown/restart) =====================================
2023-01-26 17:37:00  WM_ENDSESSION (wParam: TRUE, lParam: 0 - ordinary system shutdown/restart)
2023-01-26 17:37:00  C:\Users\Deepak\AppData\Roaming\Notepad++\config.xml is opened.
2023-01-26 17:37:00  C:\Users\Deepak\AppData\Roaming\Notepad++\config.xml  8318/8318 bytes are written.
2023-01-26 17:37:00  C:\Users\Deepak\AppData\Roaming\Notepad++\config.xml is closed.
2023-01-26 17:37:00  C:\Users\Deepak\AppData\Roaming\Notepad++\session.xml is opened.
2023-01-26 17:37:00  C:\Users\Deepak\AppData\Roaming\Notepad++\session.xml  23906/23906 bytes are written.
2023-01-26 17:37:00  C:\Users\Deepak\AppData\Roaming\Notepad++\session.xml is closed.
2023-01-26 17:37:00  WM_DESTROY (isEndSessionStarted == true)
2023-01-29 17:37:15  WM_QUERYENDSESSION (lParam: 0 - ordinary system shutdown/restart) =====================================
2023-01-29 17:37:15  WM_ENDSESSION (wParam: TRUE, lParam: 0 - ordinary system shutdown/restart)
2023-01-29 17:37:15  C:\Users\Deepak\AppData\Roaming\Notepad++\config.xml is opened.
2023-01-29 17:37:15  C:\Users\Deepak\AppData\Roaming\Notepad++\config.xml  8318/8318 bytes are written.
2023-01-29 17:37:15  C:\Users\Deepak\AppData\Roaming\Notepad++\config.xml is closed.
2023-01-29 17:37:15  C:\Users\Deepak\AppData\Roaming\Notepad++\session.xml is opened.
2023-01-29 17:37:15  C:\Users\Deepak\AppData\Roaming\Notepad++\session.xml  24509/24509 bytes are written.
2023-01-29 17:37:15  C:\Users\Deepak\AppData\Roaming\Notepad++\session.xml is closed.
2023-01-29 17:37:15  WM_DESTROY (isEndSessionStarted == true)
2023-02-01 01:50:16  WM_QUERYENDSESSION (lParam: 0 - ordinary system shutdown/restart) =====================================
2023-02-01 01:50:16  WM_ENDSESSION (wParam: TRUE, lParam: 0 - ordinary system shutdown/restart)
2023-02-01 01:50:16  C:\Users\Deepak\AppData\Roaming\Notepad++\config.xml is opened.
2023-02-01 01:50:16  C:\Users\Deepak\AppData\Roaming\Notepad++\config.xml  8318/8318 bytes are written.
2023-02-01 01:50:16  C:\Users\Deepak\AppData\Roaming\Notepad++\config.xml is closed.
2023-02-01 01:50:16  C:\Users\Deepak\AppData\Roaming\Notepad++\session.xml is opened.
2023-02-01 01:50:16  C:\Users\Deepak\AppData\Roaming\Notepad++\session.xml  25720/25720 bytes are written.
2023-02-01 01:50:16  C:\Users\Deepak\AppData\Roaming\Notepad++\session.xml is closed.
2023-02-01 01:50:16  WM_DESTROY (isEndSessionStarted == true)
2023-02-03 06:53:38  WM_QUERYENDSESSION (lParam: 0 - ordinary system shutdown/restart) =====================================
2023-02-03 06:53:38  WM_ENDSESSION (wParam: TRUE, lParam: 0 - ordinary system shutdown/restart)
2023-02-03 06:53:38  C:\Users\Deepak\AppData\Roaming\Notepad++\config.xml is opened.
2023-02-03 06:53:38  C:\Users\Deepak\AppData\Roaming\Notepad++\config.xml  8318/8318 bytes are written.
2023-02-03 06:53:38  C:\Users\Deepak\AppData\Roaming\Notepad++\config.xml is closed.
2023-02-03 06:53:38  C:\Users\Deepak\AppData\Roaming\Notepad++\session.xml is opened.
2023-02-03 06:53:38  C:\Users\Deepak\AppData\Roaming\Notepad++\session.xml  25719/25719 bytes are written.
2023-02-03 06:53:38  C:\Users\Deepak\AppData\Roaming\Notepad++\session.xml is closed.
2023-02-03 06:53:38  WM_DESTROY (isEndSessionStarted == true)
2023-02-07 06:20:22  WM_QUERYENDSESSION (lParam: 1073741824 - ENDSESSION_CRITICAL) =====================================
2023-02-07 06:20:22  WM_ENDSESSION (wParam: TRUE, lParam: 1073741824 - ENDSESSION_CRITICAL)
2023-02-07 06:20:22  C:\Users\Deepak\AppData\Roaming\Notepad++\config.xml is opened.
2023-02-07 06:20:22  C:\Users\Deepak\AppData\Roaming\Notepad++\config.xml  8318/8318 bytes are written.
2023-02-07 06:20:22  C:\Users\Deepak\AppData\Roaming\Notepad++\config.xml is closed.
2023-02-07 06:20:22  C:\Users\Deepak\AppData\Roaming\Notepad++\session.xml is opened.
2023-02-07 06:20:22  C:\Users\Deepak\AppData\Roaming\Notepad++\session.xml  26334/26334 bytes are written.
2023-02-07 06:20:22  C:\Users\Deepak\AppData\Roaming\Notepad++\session.xml is closed.
2023-02-07 06:20:22  WM_DESTROY (isEndSessionStarted == true)
2023-02-13 22:58:40  WM_QUERYENDSESSION (lParam: 0 - ordinary system shutdown/restart) =====================================
2023-02-13 22:58:40  WM_ENDSESSION (wParam: TRUE, lParam: 0 - ordinary system shutdown/restart)
2023-02-13 22:58:40  C:\Users\Deepak\AppData\Roaming\Notepad++\config.xml is opened.
2023-02-13 22:58:40  C:\Users\Deepak\AppData\Roaming\Notepad++\config.xml  8318/8318 bytes are written.
2023-02-13 22:58:40  C:\Users\Deepak\AppData\Roaming\Notepad++\config.xml is closed.
2023-02-13 22:58:40  C:\Users\Deepak\AppData\Roaming\Notepad++\session.xml is opened.
2023-02-13 22:58:40  C:\Users\Deepak\AppData\Roaming\Notepad++\session.xml  26331/26331 bytes are written.
2023-02-13 22:58:40  C:\Users\Deepak\AppData\Roaming\Notepad++\session.xml is closed.
2023-02-13 22:58:40  WM_DESTROY (isEndSessionStarted == true)
2023-02-16 22:19:38  WM_QUERYENDSESSION (lParam: 0 - ordinary system shutdown/restart) =====================================
2023-02-16 22:19:38  WM_ENDSESSION (wParam: TRUE, lParam: 0 - ordinary system shutdown/restart)
2023-02-16 22:19:38  C:\Users\Deepak\AppData\Roaming\Notepad++\config.xml is opened.
2023-02-16 22:19:38  C:\Users\Deepak\AppData\Roaming\Notepad++\config.xml  8318/8318 bytes are written.
2023-02-16 22:19:38  C:\Users\Deepak\AppData\Roaming\Notepad++\config.xml is closed.
2023-02-16 22:19:38  C:\Users\Deepak\AppData\Roaming\Notepad++\session.xml is opened.
2023-02-16 22:19:38  C:\Users\Deepak\AppData\Roaming\Notepad++\session.xml  26936/26936 bytes are written.
2023-02-16 22:19:38  C:\Users\Deepak\AppData\Roaming\Notepad++\session.xml is closed.
2023-02-16 22:19:38  WM_DESTROY (isEndSessionStarted == true)
2023-02-19 04:57:56  WM_QUERYENDSESSION (lParam: 1073741824 - ENDSESSION_CRITICAL) =====================================
2023-02-19 04:57:56  WM_ENDSESSION (wParam: TRUE, lParam: 1073741824 - ENDSESSION_CRITICAL)
2023-02-19 04:57:56  C:\Users\Deepak\AppData\Roaming\Notepad++\config.xml is opened.
2023-02-19 04:57:56  C:\Users\Deepak\AppData\Roaming\Notepad++\config.xml  8318/8318 bytes are written.
2023-02-19 04:57:56  C:\Users\Deepak\AppData\Roaming\Notepad++\config.xml is closed.
2023-02-19 04:57:56  C:\Users\Deepak\AppData\Roaming\Notepad++\session.xml is opened.
2023-02-19 04:57:56  C:\Users\Deepak\AppData\Roaming\Notepad++\session.xml  26333/26333 bytes are written.
2023-02-19 04:57:56  C:\Users\Deepak\AppData\Roaming\Notepad++\session.xml is closed.
2023-02-19 04:57:56  WM_DESTROY (isEndSessionStarted == true)
2023-02-25 16:58:26  WM_QUERYENDSESSION (lParam: 0 - ordinary system shutdown/restart) =====================================
2023-02-25 16:58:26  WM_ENDSESSION (wParam: TRUE, lParam: 0 - ordinary system shutdown/restart)
2023-02-25 16:58:26  C:\Users\Deepak\AppData\Roaming\Notepad++\config.xml is opened.
2023-02-25 16:58:26  C:\Users\Deepak\AppData\Roaming\Notepad++\config.xml  8318/8318 bytes are written.
2023-02-25 16:58:26  C:\Users\Deepak\AppData\Roaming\Notepad++\config.xml is closed.
2023-02-25 16:58:26  C:\Users\Deepak\AppData\Roaming\Notepad++\session.xml is opened.
2023-02-25 16:58:26  C:\Users\Deepak\AppData\Roaming\Notepad++\session.xml  26938/26938 bytes are written.
2023-02-25 16:58:26  C:\Users\Deepak\AppData\Roaming\Notepad++\session.xml is closed.
2023-02-25 16:58:26  WM_DESTROY (isEndSessionStarted == true)
2023-03-01 18:23:37  WM_QUERYENDSESSION (lParam: 0 - ordinary system shutdown/restart) =====================================
2023-03-01 18:23:37  WM_ENDSESSION (wParam: TRUE, lParam: 0 - ordinary system shutdown/restart)
2023-03-01 18:23:37  C:\Users\Deepak\AppData\Roaming\Notepad++\config.xml is opened.
2023-03-01 18:23:37  C:\Users\Deepak\AppData\Roaming\Notepad++\config.xml  8318/8318 bytes are written.
2023-03-01 18:23:37  C:\Users\Deepak\AppData\Roaming\Notepad++\config.xml is closed.
2023-03-01 18:23:37  C:\Users\Deepak\AppData\Roaming\Notepad++\session.xml is opened.
2023-03-01 18:23:37  C:\Users\Deepak\AppData\Roaming\Notepad++\session.xml  26936/26936 bytes are written.
2023-03-01 18:23:37  C:\Users\Deepak\AppData\Roaming\Notepad++\session.xml is closed.
2023-03-01 18:23:37  WM_DESTROY (isEndSessionStarted == true)
2023-03-06 14:23:34  WM_QUERYENDSESSION (lParam: 0 - ordinary system shutdown/restart) =====================================
2023-03-06 14:23:34  WM_ENDSESSION (wParam: TRUE, lParam: 0 - ordinary system shutdown/restart)
2023-03-06 14:23:34  C:\Users\Deepak\AppData\Roaming\Notepad++\config.xml is opened.
2023-03-06 14:23:34  C:\Users\Deepak\AppData\Roaming\Notepad++\config.xml  8318/8318 bytes are written.
2023-03-06 14:23:34  C:\Users\Deepak\AppData\Roaming\Notepad++\config.xml is closed.
2023-03-06 14:23:34  C:\Users\Deepak\AppData\Roaming\Notepad++\session.xml is opened.
2023-03-06 14:23:34  C:\Users\Deepak\AppData\Roaming\Notepad++\session.xml  26929/26929 bytes are written.
2023-03-06 14:23:34  C:\Users\Deepak\AppData\Roaming\Notepad++\session.xml is closed.
2023-03-06 14:23:34  WM_DESTROY (isEndSessionStarted == true)
2023-03-08 22:28:48  WM_QUERYENDSESSION (lParam: 0 - ordinary system shutdown/restart) =====================================
2023-03-08 22:28:48  WM_ENDSESSION (wParam: TRUE, lParam: 0 - ordinary system shutdown/restart)
2023-03-08 22:28:48  C:\Users\Deepak\AppData\Roaming\Notepad++\config.xml is opened.
2023-03-08 22:28:48  C:\Users\Deepak\AppData\Roaming\Notepad++\config.xml  8318/8318 bytes are written.
2023-03-08 22:28:48  C:\Users\Deepak\AppData\Roaming\Notepad++\config.xml is closed.
2023-03-08 22:28:48  C:\Users\Deepak\AppData\Roaming\Notepad++\session.xml is opened.
2023-03-08 22:28:48  C:\Users\Deepak\AppData\Roaming\Notepad++\session.xml  27530/27530 bytes are written.
2023-03-08 22:28:48  C:\Users\Deepak\AppData\Roaming\Notepad++\session.xml is closed.
2023-03-08 22:28:48  WM_DESTROY (isEndSessionStarted == true)
2023-03-11 13:40:57  WM_QUERYENDSESSION (lParam: 0 - ordinary system shutdown/restart) =====================================
2023-03-11 13:40:57  WM_ENDSESSION (wParam: TRUE, lParam: 0 - ordinary system shutdown/restart)
2023-03-11 13:40:57  C:\Users\Deepak\AppData\Roaming\Notepad++\config.xml is opened.
2023-03-11 13:40:57  C:\Users\Deepak\AppData\Roaming\Notepad++\config.xml  8318/8318 bytes are written.
2023-03-11 13:40:57  C:\Users\Deepak\AppData\Roaming\Notepad++\config.xml is closed.
2023-03-11 13:40:57  C:\Users\Deepak\AppData\Roaming\Notepad++\session.xml is opened.
2023-03-11 13:40:57  C:\Users\Deepak\AppData\Roaming\Notepad++\session.xml  28138/28138 bytes are written.
2023-03-11 13:40:57  C:\Users\Deepak\AppData\Roaming\Notepad++\session.xml is closed.
2023-03-11 13:40:57  WM_DESTROY (isEndSessionStarted == true)
2023-03-12 16:39:27  WM_QUERYENDSESSION (lParam: 0 - ordinary system shutdown/restart) =====================================
2023-03-12 16:39:28  WM_ENDSESSION (wParam: TRUE, lParam: 0 - ordinary system shutdown/restart)
2023-03-12 16:39:29  C:\Users\Deepak\AppData\Roaming\Notepad++\config.xml is opened.
2023-03-12 16:39:29  C:\Users\Deepak\AppData\Roaming\Notepad++\config.xml  8318/8318 bytes are written.
2023-03-12 16:39:29  C:\Users\Deepak\AppData\Roaming\Notepad++\config.xml is closed.
2023-03-12 16:39:29  C:\Users\Deepak\AppData\Roaming\Notepad++\session.xml is opened.
2023-03-12 16:39:29  C:\Users\Deepak\AppData\Roaming\Notepad++\session.xml  28141/28141 bytes are written.
2023-03-12 16:39:29  C:\Users\Deepak\AppData\Roaming\Notepad++\session.xml is closed.
2023-03-12 16:39:29  WM_DESTROY (isEndSessionStarted == true)
2023-03-16 23:36:02  WM_QUERYENDSESSION (lParam: 0 - ordinary system shutdown/restart) =====================================
2023-03-16 23:36:02  WM_ENDSESSION (wParam: TRUE, lParam: 0 - ordinary system shutdown/restart)
2023-03-16 23:36:02  C:\Users\Deepak\AppData\Roaming\Notepad++\config.xml is opened.
2023-03-16 23:36:02  C:\Users\Deepak\AppData\Roaming\Notepad++\config.xml  8318/8318 bytes are written.
2023-03-16 23:36:02  C:\Users\Deepak\AppData\Roaming\Notepad++\config.xml is closed.
2023-03-16 23:36:02  C:\Users\Deepak\AppData\Roaming\Notepad++\session.xml is opened.
2023-03-16 23:36:02  C:\Users\Deepak\AppData\Roaming\Notepad++\session.xml  28744/28744 bytes are written.
2023-03-16 23:36:02  C:\Users\Deepak\AppData\Roaming\Notepad++\session.xml is closed.
2023-03-16 23:36:02  WM_DESTROY (isEndSessionStarted == true)
2023-03-18 21:28:05  WM_QUERYENDSESSION (lParam: 0 - ordinary system shutdown/restart) =====================================
2023-03-18 21:28:05  WM_ENDSESSION (wParam: TRUE, lParam: 0 - ordinary system shutdown/restart)
2023-03-18 21:28:05  C:\Users\Deepak\AppData\Roaming\Notepad++\config.xml is opened.
2023-03-18 21:28:05  C:\Users\Deepak\AppData\Roaming\Notepad++\config.xml  8318/8318 bytes are written.
2023-03-18 21:28:05  C:\Users\Deepak\AppData\Roaming\Notepad++\config.xml is closed.
2023-03-18 21:28:05  C:\Users\Deepak\AppData\Roaming\Notepad++\session.xml is opened.
2023-03-18 21:28:05  C:\Users\Deepak\AppData\Roaming\Notepad++\session.xml  28747/28747 bytes are written.
2023-03-18 21:28:05  C:\Users\Deepak\AppData\Roaming\Notepad++\session.xml is closed.
2023-03-18 21:28:05  WM_DESTROY (isEndSessionStarted == true)
2023-03-19 22:23:24  WM_QUERYENDSESSION (lParam: 0 - ordinary system shutdown/restart) =====================================
2023-03-19 22:23:24  WM_ENDSESSION (wParam: TRUE, lParam: 0 - ordinary system shutdown/restart)
2023-03-19 22:23:24  C:\Users\Deepak\AppData\Roaming\Notepad++\config.xml is opened.
2023-03-19 22:23:24  C:\Users\Deepak\AppData\Roaming\Notepad++\config.xml  8318/8318 bytes are written.
2023-03-19 22:23:24  C:\Users\Deepak\AppData\Roaming\Notepad++\config.xml is closed.
2023-03-19 22:23:24  C:\Users\Deepak\AppData\Roaming\Notepad++\session.xml is opened.
2023-03-19 22:23:24  C:\Users\Deepak\AppData\Roaming\Notepad++\session.xml  28751/28751 bytes are written.
2023-03-19 22:23:24  C:\Users\Deepak\AppData\Roaming\Notepad++\session.xml is closed.
2023-03-19 22:23:24  WM_DESTROY (isEndSessionStarted == true)
2023-03-26 21:23:40  WM_QUERYENDSESSION (lParam: 0 - ordinary system shutdown/restart) =====================================
2023-03-26 21:23:40  WM_ENDSESSION (wParam: TRUE, lParam: 0 - ordinary system shutdown/restart)
2023-03-26 21:23:40  C:\Users\Deepak\AppData\Roaming\Notepad++\config.xml is opened.
2023-03-26 21:23:40  C:\Users\Deepak\AppData\Roaming\Notepad++\config.xml  8318/8318 bytes are written.
2023-03-26 21:23:40  C:\Users\Deepak\AppData\Roaming\Notepad++\config.xml is closed.
2023-03-26 21:23:40  C:\Users\Deepak\AppData\Roaming\Notepad++\session.xml is opened.
2023-03-26 21:23:40  C:\Users\Deepak\AppData\Roaming\Notepad++\session.xml  29351/29351 bytes are written.
2023-03-26 21:23:40  C:\Users\Deepak\AppData\Roaming\Notepad++\session.xml is closed.
2023-03-26 21:23:40  WM_DESTROY (isEndSessionStarted == true)
2023-04-16 22:52:54  WM_QUERYENDSESSION (lParam: 0 - ordinary system shutdown/restart) =====================================
2023-04-16 22:52:54  WM_ENDSESSION (wParam: TRUE, lParam: 0 - ordinary system shutdown/restart)
2023-04-16 22:52:55  C:\Users\Deepak\AppData\Roaming\Notepad++\config.xml is opened.
2023-04-16 22:52:55  C:\Users\Deepak\AppData\Roaming\Notepad++\config.xml  8753/8753 bytes are written.
2023-04-16 22:52:55  C:\Users\Deepak\AppData\Roaming\Notepad++\config.xml is closed.
2023-04-16 22:52:55  C:\Users\Deepak\AppData\Roaming\Notepad++\session.xml is opened.
2023-04-16 22:52:55  C:\Users\Deepak\AppData\Roaming\Notepad++\session.xml  30557/30557 bytes are written.
2023-04-16 22:52:55  C:\Users\Deepak\AppData\Roaming\Notepad++\session.xml is closed.
2023-04-16 22:52:55  WM_DESTROY (isEndSessionStarted == true)
2023-04-30 16:30:35  WM_QUERYENDSESSION (lParam: 0 - ordinary system shutdown/restart) =====================================
2023-04-30 16:30:35  WM_ENDSESSION (wParam: TRUE, lParam: 0 - ordinary system shutdown/restart)
2023-04-30 16:30:35  C:\Users\Deepak\AppData\Roaming\Notepad++\config.xml is opened.
2023-04-30 16:30:35  C:\Users\Deepak\AppData\Roaming\Notepad++\config.xml  8834/8834 bytes are written.
2023-04-30 16:30:35  C:\Users\Deepak\AppData\Roaming\Notepad++\config.xml is closed.
2023-04-30 16:30:35  C:\Users\Deepak\AppData\Roaming\Notepad++\session.xml is opened.
2023-04-30 16:30:35  C:\Users\Deepak\AppData\Roaming\Notepad++\session.xml  31161/31161 bytes are written.
2023-04-30 16:30:35  C:\Users\Deepak\AppData\Roaming\Notepad++\session.xml is closed.
2023-04-30 16:30:35  WM_DESTROY (isEndSessionStarted == true)
2023-05-09 16:52:06  WM_QUERYENDSESSION (lParam: 0 - ordinary system shutdown/restart) =====================================
2023-05-09 16:52:06  WM_ENDSESSION (wParam: TRUE, lParam: 0 - ordinary system shutdown/restart)
2023-05-09 16:52:06  C:\Users\Deepak\AppData\Roaming\Notepad++\config.xml is opened.
2023-05-09 16:52:06  C:\Users\Deepak\AppData\Roaming\Notepad++\config.xml  8834/8834 bytes are written.
2023-05-09 16:52:06  C:\Users\Deepak\AppData\Roaming\Notepad++\config.xml is closed.
2023-05-09 16:52:06  C:\Users\Deepak\AppData\Roaming\Notepad++\session.xml is opened.
2023-05-09 16:52:07  C:\Users\Deepak\AppData\Roaming\Notepad++\session.xml  31160/31160 bytes are written.
2023-05-09 16:52:07  C:\Users\Deepak\AppData\Roaming\Notepad++\session.xml is closed.
2023-05-09 16:52:07  WM_DESTROY (isEndSessionStarted == true)
2023-05-10 15:37:57  WM_QUERYENDSESSION (lParam: 0 - ordinary system shutdown/restart) =====================================
2023-05-10 15:37:57  WM_ENDSESSION (wParam: TRUE, lParam: 0 - ordinary system shutdown/restart)
2023-05-10 15:37:57  C:\Users\Deepak\AppData\Roaming\Notepad++\config.xml is opened.
2023-05-10 15:37:57  C:\Users\Deepak\AppData\Roaming\Notepad++\config.xml  8834/8834 bytes are written.
2023-05-10 15:37:57  C:\Users\Deepak\AppData\Roaming\Notepad++\config.xml is closed.
2023-05-10 15:37:57  C:\Users\Deepak\AppData\Roaming\Notepad++\session.xml is opened.
2023-05-10 15:37:57  C:\Users\Deepak\AppData\Roaming\Notepad++\session.xml  31761/31761 bytes are written.
2023-05-10 15:37:57  C:\Users\Deepak\AppData\Roaming\Notepad++\session.xml is closed.
2023-05-10 15:37:57  WM_DESTROY (isEndSessionStarted == true)
2023-05-20 00:26:52  WM_QUERYENDSESSION (lParam: 0 - ordinary system shutdown/restart) =====================================
2023-05-20 00:26:52  WM_ENDSESSION (wParam: TRUE, lParam: 0 - ordinary system shutdown/restart)
2023-05-20 00:26:52  C:\Users\Deepak\AppData\Roaming\Notepad++\config.xml is opened.
2023-05-20 00:26:52  C:\Users\Deepak\AppData\Roaming\Notepad++\config.xml  8834/8834 bytes are written.
2023-05-20 00:26:52  C:\Users\Deepak\AppData\Roaming\Notepad++\config.xml is closed.
2023-05-20 00:26:52  C:\Users\Deepak\AppData\Roaming\Notepad++\session.xml is opened.
2023-05-20 00:26:52  C:\Users\Deepak\AppData\Roaming\Notepad++\session.xml  31761/31761 bytes are written.
2023-05-20 00:26:52  C:\Users\Deepak\AppData\Roaming\Notepad++\session.xml is closed.
2023-05-20 00:26:52  WM_DESTROY (isEndSessionStarted == true)
2023-06-06 09:25:31  WM_QUERYENDSESSION (lParam: 0 - ordinary system shutdown/restart) =====================================
2023-06-06 09:25:31  WM_ENDSESSION (wParam: TRUE, lParam: 0 - ordinary system shutdown/restart)
2023-06-06 09:25:31  C:\Users\Deepak\AppData\Roaming\Notepad++\config.xml is opened.
2023-06-06 09:25:31  C:\Users\Deepak\AppData\Roaming\Notepad++\config.xml  8835/8835 bytes are written.
2023-06-06 09:25:31  C:\Users\Deepak\AppData\Roaming\Notepad++\config.xml is closed.
2023-06-06 09:25:31  C:\Users\Deepak\AppData\Roaming\Notepad++\session.xml is opened.
2023-06-06 09:25:31  C:\Users\Deepak\AppData\Roaming\Notepad++\session.xml  31765/31765 bytes are written.
2023-06-06 09:25:31  C:\Users\Deepak\AppData\Roaming\Notepad++\session.xml is closed.
2023-06-06 09:25:31  WM_DESTROY (isEndSessionStarted == true)
2023-07-07 12:01:55  WM_QUERYENDSESSION (lParam: 1073741824 - ENDSESSION_CRITICAL) =====================================
2023-07-07 12:01:55  WM_ENDSESSION (wParam: TRUE, lParam: 1073741824 - ENDSESSION_CRITICAL)
2023-07-07 12:01:55  C:\Users\Deepak\AppData\Roaming\Notepad++\config.xml is opened.
2023-07-07 12:01:55  C:\Users\Deepak\AppData\Roaming\Notepad++\config.xml  8835/8835 bytes are written.
2023-07-07 12:01:55  C:\Users\Deepak\AppData\Roaming\Notepad++\config.xml is closed.
2023-07-07 12:01:55  C:\Users\Deepak\AppData\Roaming\Notepad++\session.xml is opened.
2023-07-07 12:01:55  C:\Users\Deepak\AppData\Roaming\Notepad++\session.xml  32367/32367 bytes are written.
2023-07-07 12:01:55  C:\Users\Deepak\AppData\Roaming\Notepad++\session.xml is closed.
2023-07-07 12:01:55  WM_DESTROY (isEndSessionStarted == true)
2023-11-04 22:32:15  WM_QUERYENDSESSION (lParam: 0 - ordinary system shutdown/restart) =====================================
2023-11-04 22:32:15  WM_ENDSESSION (wParam: TRUE, lParam: 0 - ordinary system shutdown/restart)
2023-11-04 22:32:16  C:\Users\Deepak\AppData\Roaming\Notepad++\config.xml is opened.
2023-11-04 22:32:16  C:\Users\Deepak\AppData\Roaming\Notepad++\config.xml  8835/8835 bytes are written.
2023-11-04 22:32:16  C:\Users\Deepak\AppData\Roaming\Notepad++\config.xml is closed.
2023-11-04 22:32:16  C:\Users\Deepak\AppData\Roaming\Notepad++\session.xml is opened.
2023-11-04 22:32:16  C:\Users\Deepak\AppData\Roaming\Notepad++\session.xml  32973/32973 bytes are written.
2023-11-04 22:32:16  C:\Users\Deepak\AppData\Roaming\Notepad++\session.xml is closed.
2023-11-04 22:32:16  WM_DESTROY (isEndSessionStarted == true)
2023-11-26 09:57:18  WM_QUERYENDSESSION (lParam: 1073741824 - ENDSESSION_CRITICAL) =====================================
2023-11-26 09:57:18  WM_ENDSESSION (wParam: TRUE, lParam: 1073741824 - ENDSESSION_CRITICAL)
2023-11-26 09:57:18  C:\Users\Deepak\AppData\Roaming\Notepad++\config.xml is opened.
2023-11-26 09:57:18  C:\Users\Deepak\AppData\Roaming\Notepad++\config.xml  8835/8835 bytes are written.
2023-11-26 09:57:18  C:\Users\Deepak\AppData\Roaming\Notepad++\config.xml is closed.
2023-11-26 09:57:18  C:\Users\Deepak\AppData\Roaming\Notepad++\session.xml is opened.
2023-11-26 09:57:18  C:\Users\Deepak\AppData\Roaming\Notepad++\session.xml  33585/33585 bytes are written.
2023-11-26 09:57:18  C:\Users\Deepak\AppData\Roaming\Notepad++\session.xml is closed.
2023-11-26 09:57:18  WM_DESTROY (isEndSessionStarted == true)
2023-12-08 22:43:48  WM_QUERYENDSESSION (lParam: 0 - ordinary system shutdown/restart) =====================================
2023-12-08 22:43:48  WM_ENDSESSION (wParam: TRUE, lParam: 0 - ordinary system shutdown/restart)
2023-12-08 22:43:48  C:\Users\Deepak\AppData\Roaming\Notepad++\config.xml is opened.
2023-12-08 22:43:48  C:\Users\Deepak\AppData\Roaming\Notepad++\config.xml  8835/8835 bytes are written.
2023-12-08 22:43:48  C:\Users\Deepak\AppData\Roaming\Notepad++\config.xml is closed.
2023-12-08 22:43:48  C:\Users\Deepak\AppData\Roaming\Notepad++\session.xml is opened.
2023-12-08 22:43:48  C:\Users\Deepak\AppData\Roaming\Notepad++\session.xml  33579/33579 bytes are written.
2023-12-08 22:43:48  C:\Users\Deepak\AppData\Roaming\Notepad++\session.xml is closed.
2023-12-08 22:43:48  WM_DESTROY (isEndSessionStarted == true)
2024-01-01 11:50:15  WM_QUERYENDSESSION (lParam: 0 - ordinary system shutdown/restart) =====================================
2024-01-01 11:50:15  WM_ENDSESSION (wParam: TRUE, lParam: 0 - ordinary system shutdown/restart)
2024-01-01 11:50:15  C:\Users\Deepak\AppData\Roaming\Notepad++\config.xml is opened.
2024-01-01 11:50:15  C:\Users\Deepak\AppData\Roaming\Notepad++\config.xml  8835/8835 bytes are written.
2024-01-01 11:50:15  C:\Users\Deepak\AppData\Roaming\Notepad++\config.xml is closed.
2024-01-01 11:50:15  C:\Users\Deepak\AppData\Roaming\Notepad++\session.xml is opened.
2024-01-01 11:50:15  C:\Users\Deepak\AppData\Roaming\Notepad++\session.xml  34787/34787 bytes are written.
2024-01-01 11:50:15  C:\Users\Deepak\AppData\Roaming\Notepad++\session.xml is closed.
2024-01-01 11:50:15  WM_DESTROY (isEndSessionStarted == true)
2024-01-21 10:44:15  WM_QUERYENDSESSION (lParam: 0 - ordinary system shutdown/restart) =====================================
2024-01-21 10:44:15  WM_ENDSESSION (wParam: TRUE, lParam: 0 - ordinary system shutdown/restart)
2024-01-21 10:44:16  C:\Users\Deepak\AppData\Roaming\Notepad++\config.xml is opened.
2024-01-21 10:44:16  C:\Users\Deepak\AppData\Roaming\Notepad++\config.xml  8835/8835 bytes are written.
2024-01-21 10:44:16  C:\Users\Deepak\AppData\Roaming\Notepad++\config.xml is closed.
2024-01-21 10:44:16  C:\Users\Deepak\AppData\Roaming\Notepad++\session.xml is opened.
2024-01-21 10:44:16  C:\Users\Deepak\AppData\Roaming\Notepad++\session.xml  35392/35392 bytes are written.
2024-01-21 10:44:16  C:\Users\Deepak\AppData\Roaming\Notepad++\session.xml is closed.
2024-01-21 10:44:16  WM_DESTROY (isEndSessionStarted == true)
2024-01-26 10:11:30  WM_QUERYENDSESSION (lParam: 0 - ordinary system shutdown/restart) =====================================
2024-01-26 10:11:30  WM_ENDSESSION (wParam: TRUE, lParam: 0 - ordinary system shutdown/restart)
2024-01-26 10:11:30  C:\Users\Deepak\AppData\Roaming\Notepad++\config.xml is opened.
2024-01-26 10:11:30  C:\Users\Deepak\AppData\Roaming\Notepad++\config.xml  8836/8836 bytes are written.
2024-01-26 10:11:30  C:\Users\Deepak\AppData\Roaming\Notepad++\config.xml is closed.
2024-01-26 10:11:30  C:\Users\Deepak\AppData\Roaming\Notepad++\session.xml is opened.
2024-01-26 10:11:30  C:\Users\Deepak\AppData\Roaming\Notepad++\session.xml  35994/35994 bytes are written.
2024-01-26 10:11:30  C:\Users\Deepak\AppData\Roaming\Notepad++\session.xml is closed.
2024-01-26 10:11:30  WM_DESTROY (isEndSessionStarted == true)
2024-01-28 14:20:33  WM_QUERYENDSESSION (lParam: 0 - ordinary system shutdown/restart) =====================================
2024-01-28 14:20:33  WM_ENDSESSION (wParam: TRUE, lParam: 0 - ordinary system shutdown/restart)
2024-01-28 14:20:33  C:\Users\Deepak\AppData\Roaming\Notepad++\config.xml is opened.
2024-01-28 14:20:33  C:\Users\Deepak\AppData\Roaming\Notepad++\config.xml  8961/8961 bytes are written.
2024-01-28 14:20:33  C:\Users\Deepak\AppData\Roaming\Notepad++\config.xml is closed.
2024-01-28 14:20:33  C:\Users\Deepak\AppData\Roaming\Notepad++\session.xml is opened.
2024-01-28 14:20:33  C:\Users\Deepak\AppData\Roaming\Notepad++\session.xml  38408/38408 bytes are written.
2024-01-28 14:20:33  C:\Users\Deepak\AppData\Roaming\Notepad++\session.xml is closed.
2024-01-28 14:20:33  WM_DESTROY (isEndSessionStarted == true)
2024-01-30 19:42:46  WM_QUERYENDSESSION (lParam: 0 - ordinary system shutdown/restart) =====================================
2024-01-30 19:42:46  WM_ENDSESSION (wParam: TRUE, lParam: 0 - ordinary system shutdown/restart)
2024-01-30 19:42:46  C:\Users\Deepak\AppData\Roaming\Notepad++\config.xml is opened.
2024-01-30 19:42:46  C:\Users\Deepak\AppData\Roaming\Notepad++\config.xml  10120/10120 bytes are written.
2024-01-30 19:42:46  C:\Users\Deepak\AppData\Roaming\Notepad++\config.xml is closed.
2024-01-30 19:42:46  C:\Users\Deepak\AppData\Roaming\Notepad++\session.xml is opened.
2024-01-30 19:42:46  C:\Users\Deepak\AppData\Roaming\Notepad++\session.xml  37813/37813 bytes are written.
2024-01-30 19:42:46  C:\Users\Deepak\AppData\Roaming\Notepad++\session.xml is closed.
2024-01-30 19:42:46  WM_DESTROY (isEndSessionStarted == true)
2024-02-09 15:28:58  WM_QUERYENDSESSION (lParam: 0 - ordinary system shutdown/restart) =====================================
2024-02-09 15:28:58  WM_ENDSESSION (wParam: TRUE, lParam: 0 - ordinary system shutdown/restart)
2024-02-09 15:28:58  C:\Users\Deepak\AppData\Roaming\Notepad++\config.xml is opened.
2024-02-09 15:28:58  C:\Users\Deepak\AppData\Roaming\Notepad++\config.xml  10744/10744 bytes are written.
2024-02-09 15:28:58  C:\Users\Deepak\AppData\Roaming\Notepad++\config.xml is closed.
2024-02-09 15:28:58  C:\Users\Deepak\AppData\Roaming\Notepad++\session.xml is opened.
2024-02-09 15:28:58  C:\Users\Deepak\AppData\Roaming\Notepad++\session.xml  48327/48327 bytes are written.
2024-02-09 15:28:58  C:\Users\Deepak\AppData\Roaming\Notepad++\session.xml is closed.
2024-02-11 17:52:44  WM_QUERYENDSESSION (lParam: 0 - ordinary system shutdown/restart) =====================================
2024-02-11 17:52:44  WM_ENDSESSION (wParam: TRUE, lParam: 0 - ordinary system shutdown/restart)
2024-02-11 17:52:44  C:\Users\Deepak\AppData\Roaming\Notepad++\config.xml is opened.
2024-02-11 17:52:44  C:\Users\Deepak\AppData\Roaming\Notepad++\config.xml  10748/10748 bytes are written.
2024-02-11 17:52:44  C:\Users\Deepak\AppData\Roaming\Notepad++\config.xml is closed.
2024-02-11 17:52:44  C:\Users\Deepak\AppData\Roaming\Notepad++\session.xml is opened.
2024-02-11 17:52:44  C:\Users\Deepak\AppData\Roaming\Notepad++\session.xml  49417/49417 bytes are written.
2024-02-11 17:52:44  C:\Users\Deepak\AppData\Roaming\Notepad++\session.xml is closed.
2024-02-11 18:45:47  WM_QUERYENDSESSION (lParam: 0 - ordinary system shutdown/restart) =====================================
2024-02-11 18:45:47  WM_ENDSESSION (wParam: TRUE, lParam: 0 - ordinary system shutdown/restart)
2024-02-11 18:45:47  C:\Users\Deepak\AppData\Roaming\Notepad++\config.xml is opened.
2024-02-11 18:45:47  C:\Users\Deepak\AppData\Roaming\Notepad++\config.xml  10748/10748 bytes are written.
2024-02-11 18:45:47  C:\Users\Deepak\AppData\Roaming\Notepad++\config.xml is closed.
2024-02-11 18:45:47  C:\Users\Deepak\AppData\Roaming\Notepad++\session.xml is opened.
2024-02-11 18:45:47  C:\Users\Deepak\AppData\Roaming\Notepad++\session.xml  49418/49418 bytes are written.
2024-02-11 18:45:47  C:\Users\Deepak\AppData\Roaming\Notepad++\session.xml is closed.
2024-02-11 18:45:47  WM_DESTROY (isEndSessionStarted == true)
2024-02-14 01:20:33  WM_QUERYENDSESSION (lParam: 0 - ordinary system shutdown/restart) =====================================
2024-02-14 01:20:33  WM_ENDSESSION (wParam: TRUE, lParam: 0 - ordinary system shutdown/restart)
2024-02-14 01:20:34  C:\Users\Deepak\AppData\Roaming\Notepad++\config.xml is opened.
2024-02-14 01:20:34  C:\Users\Deepak\AppData\Roaming\Notepad++\config.xml  10855/10855 bytes are written.
2024-02-14 01:20:34  C:\Users\Deepak\AppData\Roaming\Notepad++\config.xml is closed.
2024-02-14 01:20:34  C:\Users\Deepak\AppData\Roaming\Notepad++\session.xml is opened.
2024-02-14 01:20:34  C:\Users\Deepak\AppData\Roaming\Notepad++\session.xml  51369/51369 bytes are written.
2024-02-14 01:20:34  C:\Users\Deepak\AppData\Roaming\Notepad++\session.xml is closed.
2024-02-14 01:20:34  WM_DESTROY (isEndSessionStarted == true)
2024-02-19 17:48:54  WM_QUERYENDSESSION (lParam: 0 - ordinary system shutdown/restart) =====================================
2024-02-19 17:48:54  WM_ENDSESSION (wParam: TRUE, lParam: 0 - ordinary system shutdown/restart)
2024-02-19 17:48:54  C:\Users\Deepak\AppData\Roaming\Notepad++\config.xml is opened.
2024-02-19 17:48:54  C:\Users\Deepak\AppData\Roaming\Notepad++\config.xml  11011/11011 bytes are written.
2024-02-19 17:48:54  C:\Users\Deepak\AppData\Roaming\Notepad++\config.xml is closed.
2024-02-19 17:48:54  C:\Users\Deepak\AppData\Roaming\Notepad++\session.xml is opened.
2024-02-19 17:48:54  C:\Users\Deepak\AppData\Roaming\Notepad++\session.xml  54461/54461 bytes are written.
2024-02-19 17:48:54  C:\Users\Deepak\AppData\Roaming\Notepad++\session.xml is closed.
2024-02-19 17:48:54  WM_DESTROY (isEndSessionStarted == true)
2024-02-24 06:37:20  WM_QUERYENDSESSION (lParam: 0 - ordinary system shutdown/restart) =====================================
2024-02-24 06:37:20  WM_ENDSESSION (wParam: TRUE, lParam: 0 - ordinary system shutdown/restart)
2024-02-24 06:37:20  C:\Users\Deepak\AppData\Roaming\Notepad++\config.xml is opened.
2024-02-24 06:37:20  C:\Users\Deepak\AppData\Roaming\Notepad++\config.xml  10962/10962 bytes are written.
2024-02-24 06:37:20  C:\Users\Deepak\AppData\Roaming\Notepad++\config.xml is closed.
2024-02-24 06:37:20  C:\Users\Deepak\AppData\Roaming\Notepad++\session.xml is opened.
2024-02-24 06:37:20  C:\Users\Deepak\AppData\Roaming\Notepad++\session.xml  56382/56382 bytes are written.
2024-02-24 06:37:20  C:\Users\Deepak\AppData\Roaming\Notepad++\session.xml is closed.
2024-02-24 06:37:20  WM_DESTROY (isEndSessionStarted == true)
2024-02-25 21:35:38  WM_QUERYENDSESSION (lParam: 0 - ordinary system shutdown/restart) =====================================
2024-02-25 21:35:38  WM_ENDSESSION (wParam: TRUE, lParam: 0 - ordinary system shutdown/restart)
2024-02-25 21:35:38  C:\Users\Deepak\AppData\Roaming\Notepad++\config.xml is opened.
2024-02-25 21:35:38  C:\Users\Deepak\AppData\Roaming\Notepad++\config.xml  11141/11141 bytes are written.
2024-02-25 21:35:39  C:\Users\Deepak\AppData\Roaming\Notepad++\config.xml is closed.
2024-02-25 21:35:39  C:\Users\Deepak\AppData\Roaming\Notepad++\session.xml is opened.
2024-02-25 21:35:39  C:\Users\Deepak\AppData\Roaming\Notepad++\session.xml  57727/57727 bytes are written.
2024-02-25 21:35:39  C:\Users\Deepak\AppData\Roaming\Notepad++\session.xml is closed.
2024-02-25 21:35:39  WM_DESTROY (isEndSessionStarted == true)
2024-03-01 13:01:48  WM_QUERYENDSESSION (lParam: 0 - ordinary system shutdown/restart) =====================================
2024-03-01 13:01:48  WM_ENDSESSION (wParam: TRUE, lParam: 0 - ordinary system shutdown/restart)
2024-03-01 13:01:48  C:\Users\Deepak\AppData\Roaming\Notepad++\config.xml is opened.
2024-03-01 13:01:48  C:\Users\Deepak\AppData\Roaming\Notepad++\config.xml  11039/11039 bytes are written.
2024-03-01 13:01:48  C:\Users\Deepak\AppData\Roaming\Notepad++\config.xml is closed.
2024-03-01 13:01:48  C:\Users\Deepak\AppData\Roaming\Notepad++\session.xml is opened.
2024-03-01 13:01:48  C:\Users\Deepak\AppData\Roaming\Notepad++\session.xml  57729/57729 bytes are written.
2024-03-01 13:01:48  C:\Users\Deepak\AppData\Roaming\Notepad++\session.xml is closed.
2024-03-02 10:54:02  WM_QUERYENDSESSION (lParam: 0 - ordinary system shutdown/restart) =====================================
2024-03-02 10:54:02  WM_ENDSESSION (wParam: TRUE, lParam: 0 - ordinary system shutdown/restart)
2024-03-02 10:54:03  C:\Users\Deepak\AppData\Roaming\Notepad++\config.xml is opened.
2024-03-02 10:54:03  C:\Users\Deepak\AppData\Roaming\Notepad++\config.xml  10443/10443 bytes are written.
2024-03-02 10:54:03  C:\Users\Deepak\AppData\Roaming\Notepad++\config.xml is closed.
2024-03-02 10:54:03  C:\Users\Deepak\AppData\Roaming\Notepad++\session.xml is opened.
2024-03-02 10:54:03  C:\Users\Deepak\AppData\Roaming\Notepad++\session.xml  59153/59153 bytes are written.
2024-03-02 10:54:03  C:\Users\Deepak\AppData\Roaming\Notepad++\session.xml is closed.
2024-03-02 10:54:03  WM_DESTROY (isEndSessionStarted == true)
2024-03-03 04:32:24  WM_QUERYENDSESSION (lParam: 1073741824 - ENDSESSION_CRITICAL) =====================================
2024-03-03 04:32:24  WM_ENDSESSION (wParam: TRUE, lParam: 1073741824 - ENDSESSION_CRITICAL)
2024-03-03 04:32:24  C:\Users\Deepak\AppData\Roaming\Notepad++\config.xml is opened.
2024-03-03 04:32:24  C:\Users\Deepak\AppData\Roaming\Notepad++\config.xml  11089/11089 bytes are written.
2024-03-03 04:32:24  C:\Users\Deepak\AppData\Roaming\Notepad++\config.xml is closed.
2024-03-03 04:32:24  C:\Users\Deepak\AppData\Roaming\Notepad++\session.xml is opened.
2024-03-03 04:32:24  C:\Users\Deepak\AppData\Roaming\Notepad++\session.xml  56905/56905 bytes are written.
2024-03-03 04:32:24  C:\Users\Deepak\AppData\Roaming\Notepad++\session.xml is closed.
2024-03-03 04:32:24  WM_DESTROY (isEndSessionStarted == true)
